2017-06-01 17:23:07,999 INFO runmanager: 

===============starting===============

2017-06-02 16:28:50,298 INFO runmanager: Engage
2017-06-02 16:28:50,298 INFO runmanager: Parsing globals...
2017-06-02 16:28:50,338 INFO runmanager: Making h5 files
2017-06-02 16:28:50,348 INFO runmanager: end engage
2017-06-02 16:30:38,903 INFO runmanager: Engage
2017-06-02 16:30:38,903 INFO runmanager: Parsing globals...
2017-06-02 16:30:38,923 INFO runmanager: Making h5 files
2017-06-02 16:30:38,923 INFO runmanager: end engage
2017-06-05 10:44:34,411 INFO runmanager: 

===============starting===============

2017-06-05 10:49:08,165 INFO runmanager: Engage
2017-06-05 10:49:08,167 INFO runmanager: Parsing globals...
2017-06-05 10:49:08,176 INFO runmanager: Making h5 files
2017-06-05 10:49:08,267 INFO runmanager: end engage
2017-06-05 10:50:40,000 INFO runmanager: Engage
2017-06-05 10:50:40,000 INFO runmanager: Parsing globals...
2017-06-05 10:50:40,013 INFO runmanager: Making h5 files
2017-06-05 10:50:40,049 INFO runmanager: end engage
2017-06-05 10:54:15,967 INFO runmanager: Engage
2017-06-05 10:54:15,967 INFO runmanager: Parsing globals...
2017-06-05 10:54:15,979 INFO runmanager: Making h5 files
2017-06-05 10:54:15,983 INFO runmanager: end engage
